09:08:20 **** Incremental Build of configuration Debug for project MCU1 ****
make all 
Building file: ../main.c
Invoking: AVR Compiler
avr-gcc -Wall -g2 -gstabs -O0 -fpack-struct -fshort-enums -ffunction-sections -fdata-sections -std=gnu99 -funsigned-char -funsigned-bitfields -mmcu=atmega16 -DF_CPU=8000000UL -MMD -MP -MF"main.d" -MT"main.o" -c -o "main.o" "../main.c"
In file included from ../app.h:19,
                 from ../main.c:10:
c:/winavr-20100110/lib/gcc/../../avr/include/util/delay.h:90:3: warning: #warning "Compiler optimizations disabled; functions from <util/delay.h> won't work as designed"
Finished building: ../main.c
 
Building target: MCU1.elf
Invoking: AVR C Linker
avr-gcc -Wl,-Map,MCU1.map -mmcu=atmega16 -o "MCU1.elf"  ./app.o ./gpio.o ./keypad.o ./lcd.o ./main.o ./timer.o ./uart.o   
Finished building target: MCU1.elf
 
Invoking: AVR Create Extended Listing
avr-objdump -h -S MCU1.elf  >"MCU1.lss"
Finished building: MCU1.lss
 
Invoking: Print Size
avr-size --format=avr --mcu=atmega16 MCU1.elf
AVR Memory Usage
----------------
Device: atmega16

Program:   14484 bytes (88.4% Full)
(.text + .data + .bootloader)

Data:        328 bytes (32.0% Full)
(.data + .bss + .noinit)


Finished building: sizedummy
 

09:08:21 Build Finished. 0 errors, 1 warnings. (took 493ms)

